0 info it worked if it ends with ok
1 verbose cli [ 'node', '/usr/bin/npm', 'install', 'twitter', '--save' ]
2 info using npm@1.3.6
3 info using node@v0.10.48
4 warn package.json tozo-wine-bot@0.0.0 No repository field.
5 warn package.json tozo-wine-bot@0.0.0 No README data
6 verbose readDependencies using package.json deps
7 verbose cache add [ 'twitter', null ]
8 verbose cache add name=undefined spec="twitter" args=["twitter",null]
9 verbose parsed url { protocol: null,
9 verbose parsed url   slashes: null,
9 verbose parsed url   auth: null,
9 verbose parsed url   host: null,
9 verbose parsed url   port: null,
9 verbose parsed url   hostname: null,
9 verbose parsed url   hash: null,
9 verbose parsed url   search: null,
9 verbose parsed url   query: null,
9 verbose parsed url   pathname: 'twitter',
9 verbose parsed url   path: 'twitter',
9 verbose parsed url   href: 'twitter' }
10 silly lockFile 8a1621da-twitter twitter
11 verbose lock twitter /home/brunner/.npm/8a1621da-twitter.lock
12 silly lockFile 8a1621da-twitter twitter
13 silly lockFile 8a1621da-twitter twitter
14 verbose addNamed [ 'twitter', '' ]
15 verbose addNamed [ null, '*' ]
16 silly lockFile 605bff06-twitter twitter@
17 verbose lock twitter@ /home/brunner/.npm/605bff06-twitter.lock
18 silly addNameRange { name: 'twitter', range: '*', hasData: false }
19 verbose url raw twitter
20 verbose url resolving [ 'https://registry.npmjs.org/', './twitter' ]
21 verbose url resolved https://registry.npmjs.org/twitter
22 info trying registry request attempt 1 at 16:14:22
23 http GET https://registry.npmjs.org/twitter
24 info retry will retry, error on last attempt: Error: CERT_UNTRUSTED
25 info trying registry request attempt 2 at 16:14:32
26 http GET https://registry.npmjs.org/twitter
27 info retry will retry, error on last attempt: Error: CERT_UNTRUSTED
28 info trying registry request attempt 3 at 16:15:33
29 http GET https://registry.npmjs.org/twitter
30 silly lockFile 605bff06-twitter twitter@
31 silly lockFile 605bff06-twitter twitter@
32 error Error: CERT_UNTRUSTED
32 error     at SecurePair.<anonymous> (tls.js:1430:32)
32 error     at SecurePair.emit (events.js:92:17)
32 error     at SecurePair.maybeInitFinished (tls.js:1029:10)
32 error     at CleartextStream.read [as _read] (tls.js:521:13)
32 error     at CleartextStream.Readable.read (_stream_readable.js:341:10)
32 error     at EncryptedStream.write [as _write] (tls.js:418:25)
32 error     at doWrite (_stream_writable.js:226:10)
32 error     at writeOrBuffer (_stream_writable.js:216:5)
32 error     at EncryptedStream.Writable.write (_stream_writable.js:183:11)
32 error     at write (_stream_readable.js:602:24)
33 error If you need help, you may report this log at:
33 error     <http://github.com/isaacs/npm/issues>
33 error or email it to:
33 error     <npm-@googlegroups.com>
34 error System Linux 2.6.32-696.23.1.el6.x86_64
35 error command "node" "/usr/bin/npm" "install" "twitter" "--save"
36 error cwd /usr/local/bin/topicnet/server/tozo-wine-bot
37 error node -v v0.10.48
38 error npm -v 1.3.6
39 verbose exit [ 1, true ]
